<?xml version="1.0" encoding="UTF-8"?>
<testsuite xmlns:xsi="http://www.w3.org/2001/XMLSchema-instance" xsi:noNamespaceSchemaLocation="https://maven.apache.org/surefire/maven-surefire-plugin/xsd/surefire-test-report.xsd" version="3.0.2" name="be.pxl.microshort.analytics.AnalyticsApplicationTests" time="3.458" tests="1" errors="0" skipped="0" failures="0">
  <properties>
[...]
</properties>
  <testcase name="contextLoads" classname="be.pxl.microshort.analytics.AnalyticsApplicationTests" time="0.03">
    <system-out><![CDATA[21:33:26.440 [main] INFO org.springframework.test.context.support.AnnotationConfigContextLoaderUtils -- Could not detect default configuration classes for test class [be.pxl.microshort.analytics.AnalyticsApplicationTests]: AnalyticsApplicationTests does not declare any static, non-private, non-final, nested classes annotated with @Configuration.
21:33:26.530 [main] INFO org.springframework.boot.test.context.SpringBootTestContextBootstrapper -- Found @SpringBootConfiguration be.pxl.microshort.analytics.AnalyticsApplication for test class be.pxl.microshort.analytics.AnalyticsApplicationTests

  .   ____          _            __ _ _
 /\\ / ___'_ __ _ _(_)_ __  __ _ \ \ \ \
( ( )\___ | '_ | '_| | '_ \/ _` | \ \ \ \
 \\/  ___)| |_)| | | | | || (_| |  ) ) ) )
  '  |____| .__|_| |_|_| |_\__, | / / / /
 =========|_|==============|___/=/_/_/_/

 :: Spring Boot ::                (v3.4.0)

2026-06-09T21:33:26.865+02:00  INFO 96473 --- [           main] b.p.m.a.AnalyticsApplicationTests        : Starting AnalyticsApplicationTests using Java 21.0.11 with PID 96473 (started by tomc in /home/tomc/github/microshort/services/analytics-service)
2026-06-09T21:33:26.866+02:00  INFO 96473 --- [           main] b.p.m.a.AnalyticsApplicationTests        : No active profile set, falling back to 1 default profile: "default"
2026-06-09T21:33:29.525+02:00  INFO 96473 --- [           main] o.s.b.a.e.web.EndpointLinksResolver      : Exposing 1 endpoint beneath base path '/actuator'
2026-06-09T21:33:29.595+02:00  INFO 96473 --- [           main] b.p.m.a.AnalyticsApplicationTests        : Started AnalyticsApplicationTests in 2.967 seconds (process running for 3.717)
]]></system-out>
    <system-err><![CDATA[Mockito is currently self-attaching to enable the inline-mock-maker. This will no longer work in future releases of the JDK. Please add Mockito as an agent to your build what is described in Mockito's documentation: https://javadoc.io/doc/org.mockito/mockito-core/latest/org/mockito/Mockito.html#0.3
WARNING: A Java agent has been loaded dynamically (/home/tomc/.m2/repository/net/bytebuddy/byte-buddy-agent/1.15.10/byte-buddy-agent-1.15.10.jar)
WARNING: If a serviceability tool is in use, please run with -XX:+EnableDynamicAgentLoading to hide this warning
WARNING: If a serviceability tool is not in use, please run with -Djdk.instrument.traceUsage for more information
WARNING: Dynamic loading of agents will be disallowed by default in a future release
]]></system-err>
  </testcase>
</testsuite>